<?xml version="1.0" encoding="UTF-8"?>
<testsuite name="LeapYearTest" tests="1" skipped="0" failures="0" errors="0" timestamp="2017-06-05T16:57:00" hostname="Byrons-MBP.domain" time="0.001">
  <properties/>
  <testcase name="isLeapYear_NumDivisibleBy4_true" classname="LeapYearTest" time="0.001"/>
  <system-out><![CDATA[]]></system-out>
  <system-err><![CDATA[]]></system-err>
</testsuite>
