<?xml version="1.0" encoding="UTF-8"?>
<testsuite name="LeapYearTest" tests="2" skipped="0" failures="0" errors="0" timestamp="2017-06-05T17:00:20" hostname="Byrons-MBP.domain" time="0.002">
  <properties/>
  <testcase name="isLeapYear_NumNotDivisibleBy4_false" classname="LeapYearTest" time="0.002"/>
  <testcase name="isLeapYear_NumDivisibleBy4_true" classname="LeapYearTest" time="0.0"/>
  <system-out><![CDATA[]]></system-out>
  <system-err><![CDATA[]]></system-err>
</testsuite>
